<?xml version="1.0" encoding="UTF-8"?>
<testng-results skipped="0" failed="0" ignored="0" total="1" passed="1">
  <reporter-output>
  </reporter-output>
  <suite name="Default suite" duration-ms="79630" started-at="2021-05-11T12:49:47Z" finished-at="2021-05-11T12:51:07Z">
    <groups>
    </groups>
    <test name="Default test" duration-ms="79630" started-at="2021-05-11T12:49:47Z" finished-at="2021-05-11T12:51:07Z">
      <class name="kellogsTesting.UrlTesting">
        <test-method status="PASS" signature="objectInitialization()[pri:0, instance:kellogsTesting.UrlTesting@3fee9989]" name="objectInitialization" is-config="true" duration-ms="2998" started-at="2021-05-11T12:49:47Z" finished-at="2021-05-11T12:49:50Z">
          <reporter-output>
          </reporter-output>
        </test-method> <!-- objectInitialization -->
        <test-method status="PASS" signature="URLTesting()[pri:0, instance:kellogsTesting.UrlTesting@3fee9989]" name="URLTesting" duration-ms="76607" started-at="2021-05-11T12:49:51Z" finished-at="2021-05-11T12:51:07Z">
          <reporter-output>
          </reporter-output>
        </test-method> <!-- URLTesting -->
      </class> <!-- kellogsTesting.UrlTesting -->
    </test> <!-- Default test -->
  </suite> <!-- Default suite -->
</testng-results>
