-------------------------------------------------------------------------------
Test set: TestSuite
-------------------------------------------------------------------------------
Tests run: 1, Failures: 1, Errors: 0, Skipped: 0, Time elapsed: 21.873 s <<< FAILURE! - in TestSuite
URLTesting(kellogsTesting.UrlTesting)  Time elapsed: 15.42 s  <<< FAILURE!
java.lang.NullPointerException
	at kellogsTesting.UrlTesting.URLTesting(UrlTesting.java:65)

