<?xml version="1.0" encoding="UTF-8"?>
<!-- Generated by org.testng.reporters.JUnitXMLReporter -->
<testsuite hostname="WKWIN1654791" ignored="0" name="Test" tests="1" failures="1" timestamp="12 Mar 2019 07:15:47 GMT" time="21.44" errors="0">
  <testcase name="URLTesting" time="15.408" classname="kellogsTesting.UrlTesting">
    <failure type="java.lang.NullPointerException">
      <![CDATA[java.lang.NullPointerException
at javax.imageio.ImageIO.write(ImageIO.java:1538)
at kellogsTesting.UrlTesting.URLTesting(UrlTesting.java:65)
... Removed 29 stack frames]]>
    </failure>
  </testcase> <!-- URLTesting -->
</testsuite> <!-- Test -->
